<?xml version="1.0" encoding="UTF-8"?>
<testng-results skipped="0" failed="0" ignored="0" total="1" passed="1">
  <reporter-output>
  </reporter-output>
  <suite name="Default suite" duration-ms="17351" started-at="2019-02-18T11:29:31Z" finished-at="2019-02-18T11:29:48Z">
    <groups>
    </groups>
    <test name="Default test" duration-ms="17351" started-at="2019-02-18T11:29:31Z" finished-at="2019-02-18T11:29:48Z">
      <class name="com.training.sanity.tests.UNF_011">
        <test-method status="PASS" signature="f()[pri:0, instance:com.training.sanity.tests.UNF_011@26653222]" name="f" duration-ms="17311" started-at="2019-02-18T11:29:31Z" finished-at="2019-02-18T11:29:48Z">
          <reporter-output>
          </reporter-output>
        </test-method> <!-- f -->
      </class> <!-- com.training.sanity.tests.UNF_011 -->
    </test> <!-- Default test -->
  </suite> <!-- Default suite -->
</testng-results>
